<?xml version="1.0" encoding="UTF-8"?>
<!-- Generated by org.testng.reporters.JUnitXMLReporter -->
<testsuite ignored="0" hostname="Sams-Laptop.local" failures="0" tests="7" name="Surefire test" time="1.049" errors="0" timestamp="2025-04-16T11:19:35 GMT+07:00">
  <testcase classname="sam.com.common.BaseTest" name="@BeforeMethod createDrive" time="-1.744777173974E9">
    <failure type="org.testng.TestNGException" message="
Parameter &amp;apos;browser&amp;apos; is required by BeforeMethod on method createDrive but has not been marked @Optional or defined
">
      <![CDATA[org.testng.TestNGException: 
Parameter 'browser' is required by BeforeMethod on method createDrive but has not been marked @Optional or defined

at java.base/java.util.ArrayList.forEach(ArrayList.java:1597)
... Removed 33 stack frames]]>
    </failure>
  </testcase> <!-- @BeforeMethod createDrive -->
  <testcase classname="sam.com.common.BaseTest" name="@AfterMethod closeDriver" time="-1.744777174863E9">
    <skipped/>
  </testcase> <!-- @AfterMethod closeDriver -->
  <testcase classname="sam.com.common.BaseTest" name="@AfterMethod takeScreenshot" time="-1.744777174896E9">
    <skipped/>
  </testcase> <!-- @AfterMethod takeScreenshot -->
  <testcase classname="sam.com.common.BaseTest" name="@BeforeMethod createDrive" time="-1.744777174909E9">
    <failure type="org.testng.TestNGException" message="
Parameter &amp;apos;browser&amp;apos; is required by BeforeMethod on method createDrive but has not been marked @Optional or defined
">
      <![CDATA[org.testng.TestNGException: 
Parameter 'browser' is required by BeforeMethod on method createDrive but has not been marked @Optional or defined

at java.base/java.util.ArrayList.forEach(ArrayList.java:1597)
... Removed 33 stack frames]]>
    </failure>
  </testcase> <!-- @BeforeMethod createDrive -->
  <testcase classname="sam.com.common.BaseTest" name="@AfterMethod closeDriver" time="-1.74477717492E9">
    <skipped/>
  </testcase> <!-- @AfterMethod closeDriver -->
  <testcase classname="sam.com.common.BaseTest" name="@AfterMethod takeScreenshot" time="-1.744777174921E9">
    <skipped/>
  </testcase> <!-- @AfterMethod takeScreenshot -->
  <testcase classname="sam.com.common.BaseTest" name="@BeforeMethod createDrive" time="-1.744777174926E9">
    <failure type="org.testng.TestNGException" message="
Parameter &amp;apos;browser&amp;apos; is required by BeforeMethod on method createDrive but has not been marked @Optional or defined
">
      <![CDATA[org.testng.TestNGException: 
Parameter 'browser' is required by BeforeMethod on method createDrive but has not been marked @Optional or defined

at java.base/java.util.ArrayList.forEach(ArrayList.java:1597)
... Removed 33 stack frames]]>
    </failure>
  </testcase> <!-- @BeforeMethod createDrive -->
  <testcase classname="sam.com.common.BaseTest" name="@AfterMethod closeDriver" time="-1.744777174941E9">
    <skipped/>
  </testcase> <!-- @AfterMethod closeDriver -->
  <testcase classname="sam.com.common.BaseTest" name="@AfterMethod takeScreenshot" time="-1.744777174942E9">
    <skipped/>
  </testcase> <!-- @AfterMethod takeScreenshot -->
  <testcase classname="sam.com.common.BaseTest" name="@BeforeMethod createDrive" time="-1.744777174945E9">
    <failure type="org.testng.TestNGException" message="
Parameter &amp;apos;browser&amp;apos; is required by BeforeMethod on method createDrive but has not been marked @Optional or defined
">
      <![CDATA[org.testng.TestNGException: 
Parameter 'browser' is required by BeforeMethod on method createDrive but has not been marked @Optional or defined

at java.base/java.util.ArrayList.forEach(ArrayList.java:1597)
... Removed 33 stack frames]]>
    </failure>
  </testcase> <!-- @BeforeMethod createDrive -->
  <testcase classname="sam.com.common.BaseTest" name="@AfterMethod closeDriver" time="-1.744777174954E9">
    <skipped/>
  </testcase> <!-- @AfterMethod closeDriver -->
  <testcase classname="sam.com.common.BaseTest" name="@AfterMethod takeScreenshot" time="-1.744777174956E9">
    <skipped/>
  </testcase> <!-- @AfterMethod takeScreenshot -->
  <testcase classname="sam.com.common.BaseTest" name="@BeforeMethod createDrive" time="-1.744777174957E9">
    <skipped/>
  </testcase> <!-- @BeforeMethod createDrive -->
  <testcase classname="sam.com.common.BaseTest" name="@AfterMethod closeDriver" time="-1.744777174963E9">
    <skipped/>
  </testcase> <!-- @AfterMethod closeDriver -->
  <testcase classname="sam.com.common.BaseTest" name="@AfterMethod takeScreenshot" time="-1.744777174964E9">
    <skipped/>
  </testcase> <!-- @AfterMethod takeScreenshot -->
  <testcase classname="sam.com.common.BaseTest" name="@BeforeMethod createDrive" time="-1.744777174966E9">
    <skipped/>
  </testcase> <!-- @BeforeMethod createDrive -->
  <testcase classname="sam.com.common.BaseTest" name="@AfterMethod closeDriver" time="-1.74477717497E9">
    <skipped/>
  </testcase> <!-- @AfterMethod closeDriver -->
  <testcase classname="sam.com.common.BaseTest" name="@AfterMethod takeScreenshot" time="-1.744777174971E9">
    <skipped/>
  </testcase> <!-- @AfterMethod takeScreenshot -->
  <testcase classname="sam.com.common.BaseTest" name="@BeforeMethod createDrive" time="-1.744777174973E9">
    <failure type="org.testng.TestNGException" message="
Parameter &amp;apos;browser&amp;apos; is required by BeforeMethod on method createDrive but has not been marked @Optional or defined
">
      <![CDATA[org.testng.TestNGException: 
Parameter 'browser' is required by BeforeMethod on method createDrive but has not been marked @Optional or defined

at java.base/java.util.ArrayList.forEach(ArrayList.java:1597)
... Removed 33 stack frames]]>
    </failure>
  </testcase> <!-- @BeforeMethod createDrive -->
  <testcase classname="sam.com.common.BaseTest" name="@AfterMethod closeDriver" time="-1.74477717498E9">
    <skipped/>
  </testcase> <!-- @AfterMethod closeDriver -->
  <testcase classname="sam.com.common.BaseTest" name="@AfterMethod takeScreenshot" time="-1.744777174981E9">
    <skipped/>
  </testcase> <!-- @AfterMethod takeScreenshot -->
  <testcase classname="sam.com.pageObjectModal.Testcases.CartDetailTest" name="viewProductsInCart" time="0.0">
    <skipped/>
  </testcase> <!-- viewProductsInCart -->
  <testcase classname="sam.com.pageObjectModal.Testcases.ManageProfileTest" name="updateManageProfile" time="0.0">
    <skipped/>
  </testcase> <!-- updateManageProfile -->
  <testcase classname="sam.com.pageObjectModal.Testcases.CheckoutDetailTest" name="viewProductsInCart" time="0.0">
    <skipped/>
  </testcase> <!-- viewProductsInCart -->
  <testcase classname="sam.com.pageObjectModal.Testcases.LoginTest" name="loginFailWithEmailInvalid" time="0.0">
    <skipped/>
  </testcase> <!-- loginFailWithEmailInvalid -->
  <testcase classname="sam.com.pageObjectModal.Testcases.LoginTest" name="loginFailWithPasswordInvalid" time="0.0">
    <skipped/>
  </testcase> <!-- loginFailWithPasswordInvalid -->
  <testcase classname="sam.com.pageObjectModal.Testcases.LoginTest" name="loginSuccess" time="0.0">
    <skipped/>
  </testcase> <!-- loginSuccess -->
  <testcase classname="sam.com.pageObjectModal.Testcases.ProductDetailTest" name="getProductInfoImportToExel" time="0.0">
    <skipped/>
  </testcase> <!-- getProductInfoImportToExel -->
</testsuite> <!-- Surefire test -->
