{"uuid":"5e3d6cb9-dcd6-4a9f-9977-8612d1b74707","historyId":"d44efef091a2ab39730058740cdcd332","fullName":"sam.com.pageObjectModal.Testcases.ManageProfileTest.updateManageProfile","labels":[{"name":"package","value":"sam.com.pageObjectModal.Testcases.ManageProfileTest"},{"name":"testClass","value":"sam.com.pageObjectModal.Testcases.ManageProfileTest"},{"name":"testMethod","value":"updateManageProfile"},{"name":"parentSuite","value":"setup driver run pom"},{"name":"suite","value":"parallel pom"},{"name":"subSuite","value":"sam.com.pageObjectModal.Testcases.ManageProfileTest"},{"name":"host","value":"Sams-Laptop.local"},{"name":"thread","value":"61428@Sams-Laptop.local.TestNG-test=parallel pom-1(29)"},{"name":"framework","value":"testng"},{"name":"language","value":"java"}],"links":[],"name":"updateManageProfile","status":"broken","statusDetails":{"known":false,"muted":false,"flaky":false,"message":"element click intercepted: Element <li class=\"aiz-side-nav-item\">...</li> is not clickable at point (295, 781). Other element would receive the click: <p>...</p>\n  (Session info: chrome=135.0.7049.95)\nBuild info: version: '4.29.0', revision: '5fc1ec94cb'\nSystem info: os.name: 'Mac OS X', os.arch: 'aarch64', os.version: '14.5', java.version: '21.0.1'\nDriver info: org.openqa.selenium.chrome.ChromeDriver\nCommand: [2cb0cf44e3ad7ecb70d554fc2c006e20, clickElement {id=f.6A61F4BAD66764C7CE6EF4F8968909D1.d.272D5FA2832BED7FA75A258F30A2CE13.e.175}]\nCapabilities {acceptInsecureCerts: false, browserName: chrome, browserVersion: 135.0.7049.95, chrome: {chromedriverVersion: 135.0.7049.95 (de2eb485a195..., userDataDir: /var/folders/l0/655mpbdd2kg...}, fedcm:accounts: true, goog:chromeOptions: {debuggerAddress: localhost:53166}, networkConnectionEnabled: false, pageLoadStrategy: normal, platformName: mac, proxy: Proxy(), se:cdp: ws://localhost:53166/devtoo..., se:cdpVersion: 135.0.7049.95, setWindowRect: true, strictFileInteractability: false, timeouts: {implicit: 0, pageLoad: 300000, script: 30000}, unhandledPromptBehavior: dismiss and notify, webauthn:extension:credBlob: true, webauthn:extension:largeBlob: true, webauthn:extension:minPinLength: true, webauthn:extension:prf: true, webauthn:virtualAuthenticators: true}\nElement: [[ChromeDriver: chrome on mac (2cb0cf44e3ad7ecb70d554fc2c006e20)] -> xpath: (//div[@class='sidemnenu mb-3']/ul/li)[7]]\nSession ID: 2cb0cf44e3ad7ecb70d554fc2c006e20","trace":"org.openqa.selenium.ElementClickInterceptedException: element click intercepted: Element <li class=\"aiz-side-nav-item\">...</li> is not clickable at point (295, 781). Other element would receive the click: <p>...</p>\n  (Session info: chrome=135.0.7049.95)\nBuild info: version: '4.29.0', revision: '5fc1ec94cb'\nSystem info: os.name: 'Mac OS X', os.arch: 'aarch64', os.version: '14.5', java.version: '21.0.1'\nDriver info: org.openqa.selenium.chrome.ChromeDriver\nCommand: [2cb0cf44e3ad7ecb70d554fc2c006e20, clickElement {id=f.6A61F4BAD66764C7CE6EF4F8968909D1.d.272D5FA2832BED7FA75A258F30A2CE13.e.175}]\nCapabilities {acceptInsecureCerts: false, browserName: chrome, browserVersion: 135.0.7049.95, chrome: {chromedriverVersion: 135.0.7049.95 (de2eb485a195..., userDataDir: /var/folders/l0/655mpbdd2kg...}, fedcm:accounts: true, goog:chromeOptions: {debuggerAddress: localhost:53166}, networkConnectionEnabled: false, pageLoadStrategy: normal, platformName: mac, proxy: Proxy(), se:cdp: ws://localhost:53166/devtoo..., se:cdpVersion: 135.0.7049.95, setWindowRect: true, strictFileInteractability: false, timeouts: {implicit: 0, pageLoad: 300000, script: 30000}, unhandledPromptBehavior: dismiss and notify, webauthn:extension:credBlob: true, webauthn:extension:largeBlob: true, webauthn:extension:minPinLength: true, webauthn:extension:prf: true, webauthn:virtualAuthenticators: true}\nElement: [[ChromeDriver: chrome on mac (2cb0cf44e3ad7ecb70d554fc2c006e20)] -> xpath: (//div[@class='sidemnenu mb-3']/ul/li)[7]]\nSession ID: 2cb0cf44e3ad7ecb70d554fc2c006e20\n\tat java.base/jdk.internal.reflect.DirectConstructorHandleAccessor.newInstance(DirectConstructorHandleAccessor.java:62)\n\tat java.base/java.lang.reflect.Constructor.newInstanceWithCaller(Constructor.java:502)\n\tat java.base/java.lang.reflect.Constructor.newInstance(Constructor.java:486)\n\tat org.openqa.selenium.remote.ErrorCodec.decode(ErrorCodec.java:167)\n\tat org.openqa.selenium.remote.codec.w3c.W3CHttpResponseCodec.decode(W3CHttpResponseCodec.java:138)\n\tat org.openqa.selenium.remote.codec.w3c.W3CHttpResponseCodec.decode(W3CHttpResponseCodec.java:50)\n\tat org.openqa.selenium.remote.HttpCommandExecutor.execute(HttpCommandExecutor.java:215)\n\tat org.openqa.selenium.remote.service.DriverCommandExecutor.invokeExecute(DriverCommandExecutor.java:216)\n\tat org.openqa.selenium.remote.service.DriverCommandExecutor.execute(DriverCommandExecutor.java:174)\n\tat org.openqa.selenium.remote.RemoteWebDriver.execute(RemoteWebDriver.java:545)\n\tat org.openqa.selenium.remote.RemoteWebElement.execute(RemoteWebElement.java:223)\n\tat org.openqa.selenium.remote.RemoteWebElement.click(RemoteWebElement.java:76)\n\tat sam.com.constants.keywords.WebUI.clickElement(WebUI.java:110)\n\tat sam.com.pageObjectModal.Pages.ManageProfilePage.clickManageProfileTab(ManageProfilePage.java:31)\n\tat sam.com.pageObjectModal.Testcases.ManageProfileTest.updateManageProfile(ManageProfileTest.java:18)\n\tat java.base/jdk.internal.reflect.DirectMethodHandleAccessor.invoke(DirectMethodHandleAccessor.java:103)\n\tat java.base/java.lang.reflect.Method.invoke(Method.java:580)\n\tat org.testng.internal.MethodInvocationHelper.invokeMethod(MethodInvocationHelper.java:133)\n\tat org.testng.internal.TestInvoker.invokeMethod(TestInvoker.java:598)\n\tat org.testng.internal.TestInvoker.invokeTestMethod(TestInvoker.java:173)\n\tat org.testng.internal.MethodRunner.runInSequence(MethodRunner.java:46)\n\tat org.testng.internal.TestInvoker$MethodInvocationAgent.invoke(TestInvoker.java:824)\n\tat org.testng.internal.TestInvoker.invokeTestMethods(TestInvoker.java:146)\n\tat org.testng.internal.TestMethodWorker.invokeTestMethods(TestMethodWorker.java:146)\n\tat org.testng.internal.TestMethodWorker.run(TestMethodWorker.java:128)\n\tat java.base/java.util.concurrent.ThreadPoolExecutor.runWorker(ThreadPoolExecutor.java:1144)\n\tat java.base/java.util.concurrent.ThreadPoolExecutor$Worker.run(ThreadPoolExecutor.java:642)\n\tat java.base/java.lang.Thread.run(Thread.java:1583)\n"},"stage":"finished","steps":[{"name":"click Element By.xpath: //div[@class='modal-content position-relative border-0 rounded-0']/button with timeout is 1","status":"passed","stage":"finished","steps":[{"name":"waitForElementClickable By.xpath: //div[@class='modal-content position-relative border-0 rounded-0']/button with timeout 1","status":"passed","stage":"finished","steps":[],"attachments":[],"parameters":[{"name":"by","value":"By.xpath: //div[@class='modal-content position-relative border-0 rounded-0']/button"},{"name":"timeOut","value":"1"}],"start":1744865653531,"stop":1744865653555}],"attachments":[],"parameters":[{"name":"by","value":"By.xpath: //div[@class='modal-content position-relative border-0 rounded-0']/button"},{"name":"timeout","value":"1"}],"start":1744865653530,"stop":1744865653832},{"name":"setText for By.xpath: //input[@id='email'] with value is customer@example.com","status":"passed","stage":"finished","steps":[],"attachments":[{"name":"Set text customer@example.com on element By.xpath: //input[@id='email']","source":"fc6994bb-544a-4a21-b48d-51c5a20684ac-attachment","type":"text/plain"},{"name":"Page screenshot","source":"90cc810d-b9e1-4613-ae65-ae697a74549a-attachment","type":"image/png"}],"parameters":[{"name":"by","value":"By.xpath: //input[@id='email']"},{"name":"value","value":"customer@example.com"}],"start":1744865653832,"stop":1744865654141},{"name":"setText for By.xpath: //input[@id='password'] with value is 123456","status":"passed","stage":"finished","steps":[],"attachments":[{"name":"Set text 123456 on element By.xpath: //input[@id='password']","source":"0bd9d97b-6e9a-4bbf-8ef1-295ec9dbd6de-attachment","type":"text/plain"},{"name":"Page screenshot","source":"6037fcf7-4873-4271-b313-52fb8d553bf0-attachment","type":"image/png"}],"parameters":[{"name":"by","value":"By.xpath: //input[@id='password']"},{"name":"value","value":"123456"}],"start":1744865654141,"stop":1744865654360},{"name":"click Element By.xpath: //button[normalize-space()='Login'] with timeout is 1","status":"passed","stage":"finished","steps":[{"name":"waitForElementClickable By.xpath: //button[normalize-space()='Login'] with timeout 1","status":"passed","stage":"finished","steps":[],"attachments":[],"parameters":[{"name":"by","value":"By.xpath: //button[normalize-space()='Login']"},{"name":"timeOut","value":"1"}],"start":1744865654360,"stop":1744865654373}],"attachments":[],"parameters":[{"name":"by","value":"By.xpath: //button[normalize-space()='Login']"},{"name":"timeout","value":"1"}],"start":1744865654360,"stop":1744865655383},{"name":"click Element By.xpath: (//div[@class='sidemnenu mb-3']/ul/li)[7] with timeout is 2","status":"broken","statusDetails":{"known":false,"muted":false,"flaky":false,"message":"element click intercepted: Element <li class=\"aiz-side-nav-item\">...</li> is not clickable at point (295, 781). Other element would receive the click: <p>...</p>\n  (Session info: chrome=135.0.7049.95)\nBuild info: version: '4.29.0', revision: '5fc1ec94cb'\nSystem info: os.name: 'Mac OS X', os.arch: 'aarch64', os.version: '14.5', java.version: '21.0.1'\nDriver info: org.openqa.selenium.chrome.ChromeDriver\nCommand: [2cb0cf44e3ad7ecb70d554fc2c006e20, clickElement {id=f.6A61F4BAD66764C7CE6EF4F8968909D1.d.272D5FA2832BED7FA75A258F30A2CE13.e.175}]\nCapabilities {acceptInsecureCerts: false, browserName: chrome, browserVersion: 135.0.7049.95, chrome: {chromedriverVersion: 135.0.7049.95 (de2eb485a195..., userDataDir: /var/folders/l0/655mpbdd2kg...}, fedcm:accounts: true, goog:chromeOptions: {debuggerAddress: localhost:53166}, networkConnectionEnabled: false, pageLoadStrategy: normal, platformName: mac, proxy: Proxy(), se:cdp: ws://localhost:53166/devtoo..., se:cdpVersion: 135.0.7049.95, setWindowRect: true, strictFileInteractability: false, timeouts: {implicit: 0, pageLoad: 300000, script: 30000}, unhandledPromptBehavior: dismiss and notify, webauthn:extension:credBlob: true, webauthn:extension:largeBlob: true, webauthn:extension:minPinLength: true, webauthn:extension:prf: true, webauthn:virtualAuthenticators: true}\nElement: [[ChromeDriver: chrome on mac (2cb0cf44e3ad7ecb70d554fc2c006e20)] -> xpath: (//div[@class='sidemnenu mb-3']/ul/li)[7]]\nSession ID: 2cb0cf44e3ad7ecb70d554fc2c006e20","trace":"org.openqa.selenium.ElementClickInterceptedException: element click intercepted: Element <li class=\"aiz-side-nav-item\">...</li> is not clickable at point (295, 781). Other element would receive the click: <p>...</p>\n  (Session info: chrome=135.0.7049.95)\nBuild info: version: '4.29.0', revision: '5fc1ec94cb'\nSystem info: os.name: 'Mac OS X', os.arch: 'aarch64', os.version: '14.5', java.version: '21.0.1'\nDriver info: org.openqa.selenium.chrome.ChromeDriver\nCommand: [2cb0cf44e3ad7ecb70d554fc2c006e20, clickElement {id=f.6A61F4BAD66764C7CE6EF4F8968909D1.d.272D5FA2832BED7FA75A258F30A2CE13.e.175}]\nCapabilities {acceptInsecureCerts: false, browserName: chrome, browserVersion: 135.0.7049.95, chrome: {chromedriverVersion: 135.0.7049.95 (de2eb485a195..., userDataDir: /var/folders/l0/655mpbdd2kg...}, fedcm:accounts: true, goog:chromeOptions: {debuggerAddress: localhost:53166}, networkConnectionEnabled: false, pageLoadStrategy: normal, platformName: mac, proxy: Proxy(), se:cdp: ws://localhost:53166/devtoo..., se:cdpVersion: 135.0.7049.95, setWindowRect: true, strictFileInteractability: false, timeouts: {implicit: 0, pageLoad: 300000, script: 30000}, unhandledPromptBehavior: dismiss and notify, webauthn:extension:credBlob: true, webauthn:extension:largeBlob: true, webauthn:extension:minPinLength: true, webauthn:extension:prf: true, webauthn:virtualAuthenticators: true}\nElement: [[ChromeDriver: chrome on mac (2cb0cf44e3ad7ecb70d554fc2c006e20)] -> xpath: (//div[@class='sidemnenu mb-3']/ul/li)[7]]\nSession ID: 2cb0cf44e3ad7ecb70d554fc2c006e20\n\tat java.base/jdk.internal.reflect.DirectConstructorHandleAccessor.newInstance(DirectConstructorHandleAccessor.java:62)\n\tat java.base/java.lang.reflect.Constructor.newInstanceWithCaller(Constructor.java:502)\n\tat java.base/java.lang.reflect.Constructor.newInstance(Constructor.java:486)\n\tat org.openqa.selenium.remote.ErrorCodec.decode(ErrorCodec.java:167)\n\tat org.openqa.selenium.remote.codec.w3c.W3CHttpResponseCodec.decode(W3CHttpResponseCodec.java:138)\n\tat org.openqa.selenium.remote.codec.w3c.W3CHttpResponseCodec.decode(W3CHttpResponseCodec.java:50)\n\tat org.openqa.selenium.remote.HttpCommandExecutor.execute(HttpCommandExecutor.java:215)\n\tat org.openqa.selenium.remote.service.DriverCommandExecutor.invokeExecute(DriverCommandExecutor.java:216)\n\tat org.openqa.selenium.remote.service.DriverCommandExecutor.execute(DriverCommandExecutor.java:174)\n\tat org.openqa.selenium.remote.RemoteWebDriver.execute(RemoteWebDriver.java:545)\n\tat org.openqa.selenium.remote.RemoteWebElement.execute(RemoteWebElement.java:223)\n\tat org.openqa.selenium.remote.RemoteWebElement.click(RemoteWebElement.java:76)\n\tat sam.com.constants.keywords.WebUI.clickElement(WebUI.java:110)\n\tat sam.com.pageObjectModal.Pages.ManageProfilePage.clickManageProfileTab(ManageProfilePage.java:31)\n\tat sam.com.pageObjectModal.Testcases.ManageProfileTest.updateManageProfile(ManageProfileTest.java:18)\n\tat java.base/jdk.internal.reflect.DirectMethodHandleAccessor.invoke(DirectMethodHandleAccessor.java:103)\n\tat java.base/java.lang.reflect.Method.invoke(Method.java:580)\n\tat org.testng.internal.MethodInvocationHelper.invokeMethod(MethodInvocationHelper.java:133)\n\tat org.testng.internal.TestInvoker.invokeMethod(TestInvoker.java:598)\n\tat org.testng.internal.TestInvoker.invokeTestMethod(TestInvoker.java:173)\n\tat org.testng.internal.MethodRunner.runInSequence(MethodRunner.java:46)\n\tat org.testng.internal.TestInvoker$MethodInvocationAgent.invoke(TestInvoker.java:824)\n\tat org.testng.internal.TestInvoker.invokeTestMethods(TestInvoker.java:146)\n\tat org.testng.internal.TestMethodWorker.invokeTestMethods(TestMethodWorker.java:146)\n\tat org.testng.internal.TestMethodWorker.run(TestMethodWorker.java:128)\n\tat java.base/java.util.concurrent.ThreadPoolExecutor.runWorker(ThreadPoolExecutor.java:1144)\n\tat java.base/java.util.concurrent.ThreadPoolExecutor$Worker.run(ThreadPoolExecutor.java:642)\n\tat java.base/java.lang.Thread.run(Thread.java:1583)\n"},"stage":"finished","steps":[{"name":"waitForElementClickable By.xpath: (//div[@class='sidemnenu mb-3']/ul/li)[7] with timeout 2","status":"passed","stage":"finished","steps":[],"attachments":[],"parameters":[{"name":"by","value":"By.xpath: (//div[@class='sidemnenu mb-3']/ul/li)[7]"},{"name":"timeOut","value":"2"}],"start":1744865655384,"stop":1744865655398}],"attachments":[],"parameters":[{"name":"by","value":"By.xpath: (//div[@class='sidemnenu mb-3']/ul/li)[7]"},{"name":"timeout","value":"2"}],"start":1744865655383,"stop":1744865656424}],"attachments":[],"parameters":[{"name":"browser","value":"chrome"}],"start":1744865650142,"stop":1744865656428}