{"uuid":"c2e5bdb1-a330-4aee-b1ee-75e97fe35c81","historyId":"d44efef091a2ab39730058740cdcd332","fullName":"sam.com.pageObjectModal.Testcases.ManageProfileTest.updateManageProfile","labels":[{"name":"package","value":"sam.com.pageObjectModal.Testcases.ManageProfileTest"},{"name":"testClass","value":"sam.com.pageObjectModal.Testcases.ManageProfileTest"},{"name":"testMethod","value":"updateManageProfile"},{"name":"parentSuite","value":"setup driver run pom"},{"name":"suite","value":"parallel pom"},{"name":"subSuite","value":"sam.com.pageObjectModal.Testcases.ManageProfileTest"},{"name":"host","value":"Sams-Laptop.local"},{"name":"thread","value":"57668@Sams-Laptop.local.TestNG-test=parallel pom-2(35)"},{"name":"framework","value":"testng"},{"name":"language","value":"java"}],"links":[],"name":"updateManageProfile","status":"broken","statusDetails":{"known":false,"muted":false,"flaky":false,"message":"element click intercepted: Element <li class=\"aiz-side-nav-item\">...</li> is not clickable at point (295, 781). Other element would receive the click: <p>...</p>\n  (Session info: chrome=135.0.7049.95)\nBuild info: version: '4.29.0', revision: '5fc1ec94cb'\nSystem info: os.name: 'Mac OS X', os.arch: 'aarch64', os.version: '14.5', java.version: '21.0.1'\nDriver info: org.openqa.selenium.chrome.ChromeDriver\nCommand: [61cc99025b33427c159c6ec2fe7e323b, clickElement {id=f.61537CD4D3BD1D8224C666CA7F6319A4.d.1D5939F7096B78982042DDF80239ED24.e.120}]\nCapabilities {acceptInsecureCerts: false, browserName: chrome, browserVersion: 135.0.7049.95, chrome: {chromedriverVersion: 135.0.7049.95 (de2eb485a195..., userDataDir: /var/folders/l0/655mpbdd2kg...}, fedcm:accounts: true, goog:chromeOptions: {debuggerAddress: localhost:51161}, networkConnectionEnabled: false, pageLoadStrategy: normal, platformName: mac, proxy: Proxy(), se:cdp: ws://localhost:51161/devtoo..., se:cdpVersion: 135.0.7049.95, setWindowRect: true, strictFileInteractability: false, timeouts: {implicit: 0, pageLoad: 300000, script: 30000}, unhandledPromptBehavior: dismiss and notify, webauthn:extension:credBlob: true, webauthn:extension:largeBlob: true, webauthn:extension:minPinLength: true, webauthn:extension:prf: true, webauthn:virtualAuthenticators: true}\nElement: [[ChromeDriver: chrome on mac (61cc99025b33427c159c6ec2fe7e323b)] -> xpath: (//div[@class='sidemnenu mb-3']/ul/li)[7]]\nSession ID: 61cc99025b33427c159c6ec2fe7e323b","trace":"org.openqa.selenium.ElementClickInterceptedException: element click intercepted: Element <li class=\"aiz-side-nav-item\">...</li> is not clickable at point (295, 781). Other element would receive the click: <p>...</p>\n  (Session info: chrome=135.0.7049.95)\nBuild info: version: '4.29.0', revision: '5fc1ec94cb'\nSystem info: os.name: 'Mac OS X', os.arch: 'aarch64', os.version: '14.5', java.version: '21.0.1'\nDriver info: org.openqa.selenium.chrome.ChromeDriver\nCommand: [61cc99025b33427c159c6ec2fe7e323b, clickElement {id=f.61537CD4D3BD1D8224C666CA7F6319A4.d.1D5939F7096B78982042DDF80239ED24.e.120}]\nCapabilities {acceptInsecureCerts: false, browserName: chrome, browserVersion: 135.0.7049.95, chrome: {chromedriverVersion: 135.0.7049.95 (de2eb485a195..., userDataDir: /var/folders/l0/655mpbdd2kg...}, fedcm:accounts: true, goog:chromeOptions: {debuggerAddress: localhost:51161}, networkConnectionEnabled: false, pageLoadStrategy: normal, platformName: mac, proxy: Proxy(), se:cdp: ws://localhost:51161/devtoo..., se:cdpVersion: 135.0.7049.95, setWindowRect: true, strictFileInteractability: false, timeouts: {implicit: 0, pageLoad: 300000, script: 30000}, unhandledPromptBehavior: dismiss and notify, webauthn:extension:credBlob: true, webauthn:extension:largeBlob: true, webauthn:extension:minPinLength: true, webauthn:extension:prf: true, webauthn:virtualAuthenticators: true}\nElement: [[ChromeDriver: chrome on mac (61cc99025b33427c159c6ec2fe7e323b)] -> xpath: (//div[@class='sidemnenu mb-3']/ul/li)[7]]\nSession ID: 61cc99025b33427c159c6ec2fe7e323b\n\tat java.base/jdk.internal.reflect.DirectConstructorHandleAccessor.newInstance(DirectConstructorHandleAccessor.java:62)\n\tat java.base/java.lang.reflect.Constructor.newInstanceWithCaller(Constructor.java:502)\n\tat java.base/java.lang.reflect.Constructor.newInstance(Constructor.java:486)\n\tat org.openqa.selenium.remote.ErrorCodec.decode(ErrorCodec.java:167)\n\tat org.openqa.selenium.remote.codec.w3c.W3CHttpResponseCodec.decode(W3CHttpResponseCodec.java:138)\n\tat org.openqa.selenium.remote.codec.w3c.W3CHttpResponseCodec.decode(W3CHttpResponseCodec.java:50)\n\tat org.openqa.selenium.remote.HttpCommandExecutor.execute(HttpCommandExecutor.java:215)\n\tat org.openqa.selenium.remote.service.DriverCommandExecutor.invokeExecute(DriverCommandExecutor.java:216)\n\tat org.openqa.selenium.remote.service.DriverCommandExecutor.execute(DriverCommandExecutor.java:174)\n\tat org.openqa.selenium.remote.RemoteWebDriver.execute(RemoteWebDriver.java:545)\n\tat org.openqa.selenium.remote.RemoteWebElement.execute(RemoteWebElement.java:223)\n\tat org.openqa.selenium.remote.RemoteWebElement.click(RemoteWebElement.java:76)\n\tat sam.com.constants.keywords.WebUI.clickElement(WebUI.java:110)\n\tat sam.com.pageObjectModal.Pages.ManageProfilePage.clickManageProfileTab(ManageProfilePage.java:31)\n\tat sam.com.pageObjectModal.Testcases.ManageProfileTest.updateManageProfile(ManageProfileTest.java:18)\n\tat java.base/jdk.internal.reflect.DirectMethodHandleAccessor.invoke(DirectMethodHandleAccessor.java:103)\n\tat java.base/java.lang.reflect.Method.invoke(Method.java:580)\n\tat org.testng.internal.MethodInvocationHelper.invokeMethod(MethodInvocationHelper.java:133)\n\tat org.testng.internal.TestInvoker.invokeMethod(TestInvoker.java:598)\n\tat org.testng.internal.TestInvoker.invokeTestMethod(TestInvoker.java:173)\n\tat org.testng.internal.MethodRunner.runInSequence(MethodRunner.java:46)\n\tat org.testng.internal.TestInvoker$MethodInvocationAgent.invoke(TestInvoker.java:824)\n\tat org.testng.internal.TestInvoker.invokeTestMethods(TestInvoker.java:146)\n\tat org.testng.internal.TestMethodWorker.invokeTestMethods(TestMethodWorker.java:146)\n\tat org.testng.internal.TestMethodWorker.run(TestMethodWorker.java:128)\n\tat java.base/java.util.concurrent.ThreadPoolExecutor.runWorker(ThreadPoolExecutor.java:1144)\n\tat java.base/java.util.concurrent.ThreadPoolExecutor$Worker.run(ThreadPoolExecutor.java:642)\n\tat java.base/java.lang.Thread.run(Thread.java:1583)\n"},"stage":"finished","steps":[{"name":"click Element By.xpath: //div[@class='modal-content position-relative border-0 rounded-0']/button with timeout is 1","status":"passed","stage":"finished","steps":[{"name":"waitForElementClickable By.xpath: //div[@class='modal-content position-relative border-0 rounded-0']/button with timeout 1","status":"passed","stage":"finished","steps":[],"attachments":[],"parameters":[{"name":"by","value":"By.xpath: //div[@class='modal-content position-relative border-0 rounded-0']/button"},{"name":"timeOut","value":"1"}],"start":1744862601679,"stop":1744862601751}],"attachments":[],"parameters":[{"name":"by","value":"By.xpath: //div[@class='modal-content position-relative border-0 rounded-0']/button"},{"name":"timeout","value":"1"}],"start":1744862601678,"stop":1744862602269},{"name":"setText for By.xpath: //input[@id='email'] with value is customer@example.com","status":"passed","stage":"finished","steps":[],"attachments":[{"name":"Set text customer@example.com on element By.xpath: //input[@id='email']","source":"d2d9a1f8-2dc5-4c4e-b644-7826a7b482b2-attachment","type":"text/plain"},{"name":"Page screenshot","source":"8ad8c30f-dfed-462f-98ab-7b030e57ad72-attachment","type":"image/png"}],"parameters":[{"name":"by","value":"By.xpath: //input[@id='email']"},{"name":"value","value":"customer@example.com"}],"start":1744862602269,"stop":1744862602872},{"name":"setText for By.xpath: //input[@id='password'] with value is 123456","status":"passed","stage":"finished","steps":[],"attachments":[{"name":"Set text 123456 on element By.xpath: //input[@id='password']","source":"7a073e2b-470b-4d01-85c8-257e36d7f38b-attachment","type":"text/plain"},{"name":"Page screenshot","source":"56ac49e8-508e-487d-bec8-1d18da99d671-attachment","type":"image/png"}],"parameters":[{"name":"by","value":"By.xpath: //input[@id='password']"},{"name":"value","value":"123456"}],"start":1744862602872,"stop":1744862603432},{"name":"click Element By.xpath: //button[normalize-space()='Login'] with timeout is 1","status":"passed","stage":"finished","steps":[{"name":"waitForElementClickable By.xpath: //button[normalize-space()='Login'] with timeout 1","status":"passed","stage":"finished","steps":[],"attachments":[],"parameters":[{"name":"by","value":"By.xpath: //button[normalize-space()='Login']"},{"name":"timeOut","value":"1"}],"start":1744862603433,"stop":1744862603476}],"attachments":[],"parameters":[{"name":"by","value":"By.xpath: //button[normalize-space()='Login']"},{"name":"timeout","value":"1"}],"start":1744862603433,"stop":1744862605433},{"name":"click Element By.xpath: (//div[@class='sidemnenu mb-3']/ul/li)[7] with timeout is 2","status":"broken","statusDetails":{"known":false,"muted":false,"flaky":false,"message":"element click intercepted: Element <li class=\"aiz-side-nav-item\">...</li> is not clickable at point (295, 781). Other element would receive the click: <p>...</p>\n  (Session info: chrome=135.0.7049.95)\nBuild info: version: '4.29.0', revision: '5fc1ec94cb'\nSystem info: os.name: 'Mac OS X', os.arch: 'aarch64', os.version: '14.5', java.version: '21.0.1'\nDriver info: org.openqa.selenium.chrome.ChromeDriver\nCommand: [61cc99025b33427c159c6ec2fe7e323b, clickElement {id=f.61537CD4D3BD1D8224C666CA7F6319A4.d.1D5939F7096B78982042DDF80239ED24.e.120}]\nCapabilities {acceptInsecureCerts: false, browserName: chrome, browserVersion: 135.0.7049.95, chrome: {chromedriverVersion: 135.0.7049.95 (de2eb485a195..., userDataDir: /var/folders/l0/655mpbdd2kg...}, fedcm:accounts: true, goog:chromeOptions: {debuggerAddress: localhost:51161}, networkConnectionEnabled: false, pageLoadStrategy: normal, platformName: mac, proxy: Proxy(), se:cdp: ws://localhost:51161/devtoo..., se:cdpVersion: 135.0.7049.95, setWindowRect: true, strictFileInteractability: false, timeouts: {implicit: 0, pageLoad: 300000, script: 30000}, unhandledPromptBehavior: dismiss and notify, webauthn:extension:credBlob: true, webauthn:extension:largeBlob: true, webauthn:extension:minPinLength: true, webauthn:extension:prf: true, webauthn:virtualAuthenticators: true}\nElement: [[ChromeDriver: chrome on mac (61cc99025b33427c159c6ec2fe7e323b)] -> xpath: (//div[@class='sidemnenu mb-3']/ul/li)[7]]\nSession ID: 61cc99025b33427c159c6ec2fe7e323b","trace":"org.openqa.selenium.ElementClickInterceptedException: element click intercepted: Element <li class=\"aiz-side-nav-item\">...</li> is not clickable at point (295, 781). Other element would receive the click: <p>...</p>\n  (Session info: chrome=135.0.7049.95)\nBuild info: version: '4.29.0', revision: '5fc1ec94cb'\nSystem info: os.name: 'Mac OS X', os.arch: 'aarch64', os.version: '14.5', java.version: '21.0.1'\nDriver info: org.openqa.selenium.chrome.ChromeDriver\nCommand: [61cc99025b33427c159c6ec2fe7e323b, clickElement {id=f.61537CD4D3BD1D8224C666CA7F6319A4.d.1D5939F7096B78982042DDF80239ED24.e.120}]\nCapabilities {acceptInsecureCerts: false, browserName: chrome, browserVersion: 135.0.7049.95, chrome: {chromedriverVersion: 135.0.7049.95 (de2eb485a195..., userDataDir: /var/folders/l0/655mpbdd2kg...}, fedcm:accounts: true, goog:chromeOptions: {debuggerAddress: localhost:51161}, networkConnectionEnabled: false, pageLoadStrategy: normal, platformName: mac, proxy: Proxy(), se:cdp: ws://localhost:51161/devtoo..., se:cdpVersion: 135.0.7049.95, setWindowRect: true, strictFileInteractability: false, timeouts: {implicit: 0, pageLoad: 300000, script: 30000}, unhandledPromptBehavior: dismiss and notify, webauthn:extension:credBlob: true, webauthn:extension:largeBlob: true, webauthn:extension:minPinLength: true, webauthn:extension:prf: true, webauthn:virtualAuthenticators: true}\nElement: [[ChromeDriver: chrome on mac (61cc99025b33427c159c6ec2fe7e323b)] -> xpath: (//div[@class='sidemnenu mb-3']/ul/li)[7]]\nSession ID: 61cc99025b33427c159c6ec2fe7e323b\n\tat java.base/jdk.internal.reflect.DirectConstructorHandleAccessor.newInstance(DirectConstructorHandleAccessor.java:62)\n\tat java.base/java.lang.reflect.Constructor.newInstanceWithCaller(Constructor.java:502)\n\tat java.base/java.lang.reflect.Constructor.newInstance(Constructor.java:486)\n\tat org.openqa.selenium.remote.ErrorCodec.decode(ErrorCodec.java:167)\n\tat org.openqa.selenium.remote.codec.w3c.W3CHttpResponseCodec.decode(W3CHttpResponseCodec.java:138)\n\tat org.openqa.selenium.remote.codec.w3c.W3CHttpResponseCodec.decode(W3CHttpResponseCodec.java:50)\n\tat org.openqa.selenium.remote.HttpCommandExecutor.execute(HttpCommandExecutor.java:215)\n\tat org.openqa.selenium.remote.service.DriverCommandExecutor.invokeExecute(DriverCommandExecutor.java:216)\n\tat org.openqa.selenium.remote.service.DriverCommandExecutor.execute(DriverCommandExecutor.java:174)\n\tat org.openqa.selenium.remote.RemoteWebDriver.execute(RemoteWebDriver.java:545)\n\tat org.openqa.selenium.remote.RemoteWebElement.execute(RemoteWebElement.java:223)\n\tat org.openqa.selenium.remote.RemoteWebElement.click(RemoteWebElement.java:76)\n\tat sam.com.constants.keywords.WebUI.clickElement(WebUI.java:110)\n\tat sam.com.pageObjectModal.Pages.ManageProfilePage.clickManageProfileTab(ManageProfilePage.java:31)\n\tat sam.com.pageObjectModal.Testcases.ManageProfileTest.updateManageProfile(ManageProfileTest.java:18)\n\tat java.base/jdk.internal.reflect.DirectMethodHandleAccessor.invoke(DirectMethodHandleAccessor.java:103)\n\tat java.base/java.lang.reflect.Method.invoke(Method.java:580)\n\tat org.testng.internal.MethodInvocationHelper.invokeMethod(MethodInvocationHelper.java:133)\n\tat org.testng.internal.TestInvoker.invokeMethod(TestInvoker.java:598)\n\tat org.testng.internal.TestInvoker.invokeTestMethod(TestInvoker.java:173)\n\tat org.testng.internal.MethodRunner.runInSequence(MethodRunner.java:46)\n\tat org.testng.internal.TestInvoker$MethodInvocationAgent.invoke(TestInvoker.java:824)\n\tat org.testng.internal.TestInvoker.invokeTestMethods(TestInvoker.java:146)\n\tat org.testng.internal.TestMethodWorker.invokeTestMethods(TestMethodWorker.java:146)\n\tat org.testng.internal.TestMethodWorker.run(TestMethodWorker.java:128)\n\tat java.base/java.util.concurrent.ThreadPoolExecutor.runWorker(ThreadPoolExecutor.java:1144)\n\tat java.base/java.util.concurrent.ThreadPoolExecutor$Worker.run(ThreadPoolExecutor.java:642)\n\tat java.base/java.lang.Thread.run(Thread.java:1583)\n"},"stage":"finished","steps":[{"name":"waitForElementClickable By.xpath: (//div[@class='sidemnenu mb-3']/ul/li)[7] with timeout 2","status":"passed","stage":"finished","steps":[],"attachments":[],"parameters":[{"name":"by","value":"By.xpath: (//div[@class='sidemnenu mb-3']/ul/li)[7]"},{"name":"timeOut","value":"2"}],"start":1744862605433,"stop":1744862605457}],"attachments":[],"parameters":[{"name":"by","value":"By.xpath: (//div[@class='sidemnenu mb-3']/ul/li)[7]"},{"name":"timeout","value":"2"}],"start":1744862605433,"stop":1744862606526}],"attachments":[],"parameters":[{"name":"browser","value":"chrome"}],"start":1744862599904,"stop":1744862606526}