<!DOCTYPE html PUBLIC "-//W3C//DTD XHTML 1.1//EN" "https://www.w3.org/TR/xhtml11/DTD/xhtml11.dtd">
<html xmlns="https://www.w3.org/1999/xhtml">
<head>
<meta http-equiv="content-type" content="text/html; charset=UTF-8"/>
<title>TestNG Report</title>
<style type="text/css">table {margin-bottom:10px;border-collapse:collapse;empty-cells:show}th,td {border:1px solid #009;padding:.25em .5em}th {vertical-align:bottom}td {vertical-align:top}table a {font-weight:bold}.stripe td {background-color: #E6EBF9}.num {text-align:right}.passedodd td {background-color: #3F3}.passedeven td {background-color: #0A0}.skippedodd td {background-color: #DDD}.skippedeven td {background-color: #CCC}.failedodd td,.attn {background-color: #F33}.failedeven td,.stripe .attn {background-color: #D00}.stacktrace {white-space:pre;font-family:monospace}.totop {font-size:85%;text-align:center;border-bottom:2px solid #000}.invisible {display:none}</style>
</head>
<body>
<table>
<tr><th>Test</th><th># Passed</th><th># Skipped</th><th># Retried</th><th># Failed</th><th>Time (ms)</th><th>Included Groups</th><th>Excluded Groups</th></tr>
<tr><th colspan="8">Surefire suite</th></tr>
<tr><td><a href="#t0">Surefire test</a></td><td class="num">0</td><td class="num attn">7</td><td class="num">0</td><td class="num">0</td><td class="num">1,049</td><td></td><td></td></tr>
</table>
<table id='summary'><thead><tr><th>Class</th><th>Method</th><th>Start</th><th>Time (ms)</th></tr></thead><tbody><tr><th colspan="4">Surefire suite</th></tr></tbody><tbody id="t0"><tr><th colspan="4">Surefire test &#8212; failed (configuration methods)</th></tr><tr class="failedeven"><td rowspan="1">sam.com.pageObjectModal.Testcases.CartDetailTest</td><td><a href="#m0">createDrive</a></td><td rowspan="1">1744777173974</td><td rowspan="1">-1744777173974</td></tr><tr class="failedodd"><td rowspan="1">sam.com.pageObjectModal.Testcases.CheckoutDetailTest</td><td><a href="#m1">createDrive</a></td><td rowspan="1">1744777174926</td><td rowspan="1">-1744777174926</td></tr><tr class="failedeven"><td rowspan="1">sam.com.pageObjectModal.Testcases.LoginTest</td><td><a href="#m2">createDrive</a></td><td rowspan="1">1744777174945</td><td rowspan="1">-1744777174945</td></tr><tr class="failedodd"><td rowspan="1">sam.com.pageObjectModal.Testcases.ManageProfileTest</td><td><a href="#m3">createDrive</a></td><td rowspan="1">1744777174909</td><td rowspan="1">-1744777174909</td></tr><tr class="failedeven"><td rowspan="1">sam.com.pageObjectModal.Testcases.ProductDetailTest</td><td><a href="#m4">createDrive</a></td><td rowspan="1">1744777174973</td><td rowspan="1">-1744777174973</td></tr><tr><th colspan="4">Surefire test &#8212; skipped (configuration methods)</th></tr><tr class="skippedeven"><td rowspan="2">sam.com.pageObjectModal.Testcases.CartDetailTest</td><td><a href="#m5">closeDriver</a></td><td rowspan="1">1744777174863</td><td rowspan="1">-1744777174863</td></tr><tr class="skippedeven"><td><a href="#m6">takeScreenshot</a></td><td rowspan="1">1744777174896</td><td rowspan="1">-1744777174896</td></tr><tr class="skippedodd"><td rowspan="2">sam.com.pageObjectModal.Testcases.CheckoutDetailTest</td><td><a href="#m7">closeDriver</a></td><td rowspan="1">1744777174941</td><td rowspan="1">-1744777174941</td></tr><tr class="skippedodd"><td><a href="#m8">takeScreenshot</a></td><td rowspan="1">1744777174942</td><td rowspan="1">-1744777174942</td></tr><tr class="skippedeven"><td rowspan="8">sam.com.pageObjectModal.Testcases.LoginTest</td><td><a href="#m9">closeDriver</a></td><td rowspan="3">1744777174963</td><td rowspan="3">-1744777174963</td></tr><tr class="skippedeven"><td><a href="#m10">closeDriver</a></td></tr><tr class="skippedeven"><td><a href="#m11">closeDriver</a></td></tr><tr class="skippedeven"><td><a href="#m12">createDrive</a></td><td rowspan="2">1744777174957</td><td rowspan="2">-1744777174957</td></tr><tr class="skippedeven"><td><a href="#m13">createDrive</a></td></tr><tr class="skippedeven"><td><a href="#m14">takeScreenshot</a></td><td rowspan="3">1744777174971</td><td rowspan="3">-1744777174971</td></tr><tr class="skippedeven"><td><a href="#m15">takeScreenshot</a></td></tr><tr class="skippedeven"><td><a href="#m16">takeScreenshot</a></td></tr><tr class="skippedodd"><td rowspan="2">sam.com.pageObjectModal.Testcases.ManageProfileTest</td><td><a href="#m17">closeDriver</a></td><td rowspan="1">1744777174920</td><td rowspan="1">-1744777174920</td></tr><tr class="skippedodd"><td><a href="#m18">takeScreenshot</a></td><td rowspan="1">1744777174921</td><td rowspan="1">-1744777174921</td></tr><tr class="skippedeven"><td rowspan="2">sam.com.pageObjectModal.Testcases.ProductDetailTest</td><td><a href="#m19">closeDriver</a></td><td rowspan="1">1744777174980</td><td rowspan="1">-1744777174980</td></tr><tr class="skippedeven"><td><a href="#m20">takeScreenshot</a></td><td rowspan="1">1744777174981</td><td rowspan="1">-1744777174981</td></tr><tr><th colspan="4">Surefire test &#8212; skipped</th></tr><tr class="skippedeven"><td rowspan="1">sam.com.pageObjectModal.Testcases.CartDetailTest</td><td><a href="#m21">viewProductsInCart</a></td><td rowspan="1">1744777174790</td><td rowspan="1">0</td></tr><tr class="skippedodd"><td rowspan="1">sam.com.pageObjectModal.Testcases.CheckoutDetailTest</td><td><a href="#m22">viewProductsInCart</a></td><td rowspan="1">1744777174935</td><td rowspan="1">0</td></tr><tr class="skippedeven"><td rowspan="3">sam.com.pageObjectModal.Testcases.LoginTest</td><td><a href="#m23">loginFailWithEmailInvalid</a></td><td rowspan="1">1744777174951</td><td rowspan="1">0</td></tr><tr class="skippedeven"><td><a href="#m24">loginFailWithPasswordInvalid</a></td><td rowspan="1">1744777174960</td><td rowspan="1">0</td></tr><tr class="skippedeven"><td><a href="#m25">loginSuccess</a></td><td rowspan="1">1744777174967</td><td rowspan="1">0</td></tr><tr class="skippedodd"><td rowspan="1">sam.com.pageObjectModal.Testcases.ManageProfileTest</td><td><a href="#m26">updateManageProfile</a></td><td rowspan="1">1744777174915</td><td rowspan="1">0</td></tr><tr class="skippedeven"><td rowspan="1">sam.com.pageObjectModal.Testcases.ProductDetailTest</td><td><a href="#m27">getProductInfoImportToExel</a></td><td rowspan="1">1744777174977</td><td rowspan="1">0</td></tr></tbody>
</table>
<h2>Surefire test</h2><h3 id="m0">sam.com.pageObjectModal.Testcases.CartDetailTest#createDrive</h3><table class="result"><tr><th>Exception</th></tr><tr><td><div class="stacktrace">org.testng.TestNGException: 
Parameter &apos;browser&apos; is required by BeforeMethod on method createDrive but has not been marked @Optional or defined

	at java.base/java.util.ArrayList.forEach(ArrayList.java:1597)
... Removed 33 stack frames</div></td></tr></table><p class="totop"><a href="#summary">back to summary</a></p>
<h3 id="m1">sam.com.pageObjectModal.Testcases.CheckoutDetailTest#createDrive</h3><table class="result"><tr><th>Exception</th></tr><tr><td><div class="stacktrace">org.testng.TestNGException: 
Parameter &apos;browser&apos; is required by BeforeMethod on method createDrive but has not been marked @Optional or defined

	at java.base/java.util.ArrayList.forEach(ArrayList.java:1597)
... Removed 33 stack frames</div></td></tr></table><p class="totop"><a href="#summary">back to summary</a></p>
<h3 id="m2">sam.com.pageObjectModal.Testcases.LoginTest#createDrive</h3><table class="result"><tr><th>Exception</th></tr><tr><td><div class="stacktrace">org.testng.TestNGException: 
Parameter &apos;browser&apos; is required by BeforeMethod on method createDrive but has not been marked @Optional or defined

	at java.base/java.util.ArrayList.forEach(ArrayList.java:1597)
... Removed 33 stack frames</div></td></tr></table><p class="totop"><a href="#summary">back to summary</a></p>
<h3 id="m3">sam.com.pageObjectModal.Testcases.ManageProfileTest#createDrive</h3><table class="result"><tr><th>Exception</th></tr><tr><td><div class="stacktrace">org.testng.TestNGException: 
Parameter &apos;browser&apos; is required by BeforeMethod on method createDrive but has not been marked @Optional or defined

	at java.base/java.util.ArrayList.forEach(ArrayList.java:1597)
... Removed 33 stack frames</div></td></tr></table><p class="totop"><a href="#summary">back to summary</a></p>
<h3 id="m4">sam.com.pageObjectModal.Testcases.ProductDetailTest#createDrive</h3><table class="result"><tr><th>Exception</th></tr><tr><td><div class="stacktrace">org.testng.TestNGException: 
Parameter &apos;browser&apos; is required by BeforeMethod on method createDrive but has not been marked @Optional or defined

	at java.base/java.util.ArrayList.forEach(ArrayList.java:1597)
... Removed 33 stack frames</div></td></tr></table><p class="totop"><a href="#summary">back to summary</a></p>
<h3 id="m5">sam.com.pageObjectModal.Testcases.CartDetailTest#closeDriver</h3><table class="result"><tr><th class="invisible"/></tr></table><p class="totop"><a href="#summary">back to summary</a></p>
<h3 id="m6">sam.com.pageObjectModal.Testcases.CartDetailTest#takeScreenshot</h3><table class="result"><tr><th class="invisible"/></tr></table><p class="totop"><a href="#summary">back to summary</a></p>
<h3 id="m7">sam.com.pageObjectModal.Testcases.CheckoutDetailTest#closeDriver</h3><table class="result"><tr><th class="invisible"/></tr></table><p class="totop"><a href="#summary">back to summary</a></p>
<h3 id="m8">sam.com.pageObjectModal.Testcases.CheckoutDetailTest#takeScreenshot</h3><table class="result"><tr><th class="invisible"/></tr></table><p class="totop"><a href="#summary">back to summary</a></p>
<h3 id="m9">sam.com.pageObjectModal.Testcases.LoginTest#closeDriver</h3><table class="result"><tr><th class="invisible"/></tr></table><p class="totop"><a href="#summary">back to summary</a></p>
<h3 id="m10">sam.com.pageObjectModal.Testcases.LoginTest#closeDriver</h3><table class="result"><tr><th class="invisible"/></tr></table><p class="totop"><a href="#summary">back to summary</a></p>
<h3 id="m11">sam.com.pageObjectModal.Testcases.LoginTest#closeDriver</h3><table class="result"><tr><th class="invisible"/></tr></table><p class="totop"><a href="#summary">back to summary</a></p>
<h3 id="m12">sam.com.pageObjectModal.Testcases.LoginTest#createDrive</h3><table class="result"><tr><th class="invisible"/></tr></table><p class="totop"><a href="#summary">back to summary</a></p>
<h3 id="m13">sam.com.pageObjectModal.Testcases.LoginTest#createDrive</h3><table class="result"><tr><th class="invisible"/></tr></table><p class="totop"><a href="#summary">back to summary</a></p>
<h3 id="m14">sam.com.pageObjectModal.Testcases.LoginTest#takeScreenshot</h3><table class="result"><tr><th class="invisible"/></tr></table><p class="totop"><a href="#summary">back to summary</a></p>
<h3 id="m15">sam.com.pageObjectModal.Testcases.LoginTest#takeScreenshot</h3><table class="result"><tr><th class="invisible"/></tr></table><p class="totop"><a href="#summary">back to summary</a></p>
<h3 id="m16">sam.com.pageObjectModal.Testcases.LoginTest#takeScreenshot</h3><table class="result"><tr><th class="invisible"/></tr></table><p class="totop"><a href="#summary">back to summary</a></p>
<h3 id="m17">sam.com.pageObjectModal.Testcases.ManageProfileTest#closeDriver</h3><table class="result"><tr><th class="invisible"/></tr></table><p class="totop"><a href="#summary">back to summary</a></p>
<h3 id="m18">sam.com.pageObjectModal.Testcases.ManageProfileTest#takeScreenshot</h3><table class="result"><tr><th class="invisible"/></tr></table><p class="totop"><a href="#summary">back to summary</a></p>
<h3 id="m19">sam.com.pageObjectModal.Testcases.ProductDetailTest#closeDriver</h3><table class="result"><tr><th class="invisible"/></tr></table><p class="totop"><a href="#summary">back to summary</a></p>
<h3 id="m20">sam.com.pageObjectModal.Testcases.ProductDetailTest#takeScreenshot</h3><table class="result"><tr><th class="invisible"/></tr></table><p class="totop"><a href="#summary">back to summary</a></p>
<h3 id="m21">sam.com.pageObjectModal.Testcases.CartDetailTest#viewProductsInCart</h3><table class="result"><tr><th>Exception</th></tr><tr><td><div class="stacktrace">org.testng.TestNGException: 
Parameter &apos;browser&apos; is required by BeforeMethod on method createDrive but has not been marked @Optional or defined

	at java.base/java.util.ArrayList.forEach(ArrayList.java:1597)
... Removed 33 stack frames</div></td></tr></table><p class="totop"><a href="#summary">back to summary</a></p>
<h3 id="m22">sam.com.pageObjectModal.Testcases.CheckoutDetailTest#viewProductsInCart</h3><table class="result"><tr><th>Exception</th></tr><tr><td><div class="stacktrace">org.testng.TestNGException: 
Parameter &apos;browser&apos; is required by BeforeMethod on method createDrive but has not been marked @Optional or defined

	at java.base/java.util.ArrayList.forEach(ArrayList.java:1597)
... Removed 33 stack frames</div></td></tr></table><p class="totop"><a href="#summary">back to summary</a></p>
<h3 id="m23">sam.com.pageObjectModal.Testcases.LoginTest#loginFailWithEmailInvalid</h3><table class="result"><tr><th>Exception</th></tr><tr><td><div class="stacktrace">org.testng.TestNGException: 
Parameter &apos;browser&apos; is required by BeforeMethod on method createDrive but has not been marked @Optional or defined

	at java.base/java.util.ArrayList.forEach(ArrayList.java:1597)
... Removed 33 stack frames</div></td></tr></table><p class="totop"><a href="#summary">back to summary</a></p>
<h3 id="m24">sam.com.pageObjectModal.Testcases.LoginTest#loginFailWithPasswordInvalid</h3><table class="result"><tr><th>Exception</th></tr><tr><td><div class="stacktrace">org.testng.TestNGException: 
Parameter &apos;browser&apos; is required by BeforeMethod on method createDrive but has not been marked @Optional or defined

	at java.base/java.util.ArrayList.forEach(ArrayList.java:1597)
... Removed 33 stack frames</div></td></tr></table><p class="totop"><a href="#summary">back to summary</a></p>
<h3 id="m25">sam.com.pageObjectModal.Testcases.LoginTest#loginSuccess</h3><table class="result"><tr><th>Exception</th></tr><tr><td><div class="stacktrace">org.testng.TestNGException: 
Parameter &apos;browser&apos; is required by BeforeMethod on method createDrive but has not been marked @Optional or defined

	at java.base/java.util.ArrayList.forEach(ArrayList.java:1597)
... Removed 33 stack frames</div></td></tr></table><p class="totop"><a href="#summary">back to summary</a></p>
<h3 id="m26">sam.com.pageObjectModal.Testcases.ManageProfileTest#updateManageProfile</h3><table class="result"><tr><th>Exception</th></tr><tr><td><div class="stacktrace">org.testng.TestNGException: 
Parameter &apos;browser&apos; is required by BeforeMethod on method createDrive but has not been marked @Optional or defined

	at java.base/java.util.ArrayList.forEach(ArrayList.java:1597)
... Removed 33 stack frames</div></td></tr></table><p class="totop"><a href="#summary">back to summary</a></p>
<h3 id="m27">sam.com.pageObjectModal.Testcases.ProductDetailTest#getProductInfoImportToExel</h3><table class="result"><tr><th>Exception</th></tr><tr><td><div class="stacktrace">org.testng.TestNGException: 
Parameter &apos;browser&apos; is required by BeforeMethod on method createDrive but has not been marked @Optional or defined

	at java.base/java.util.ArrayList.forEach(ArrayList.java:1597)
... Removed 33 stack frames</div></td></tr></table><p class="totop"><a href="#summary">back to summary</a></p>
</body>
</html>
